2019-10-28T05:17:31+00:00 CRITICAL Uncaught Error: Cannot use object of type stdClass as array in /usr/local/var/www/go/goliquidator/wp-content/plugins/woocommerce/includes/import/class-wc-product-csv-importer.php:1120
Stack trace:
#0 /usr/local/var/www/go/goliquidator/wp-content/plugins/woocommerce/includes/import/class-wc-product-csv-importer.php(1091): WC_Product_CSV_Importer->setSubtitle(592, 'aaaaaaaa')
#1 /usr/local/var/www/go/goliquidator/wp-content/plugins/woocommerce/includes/admin/class-wc-admin-importers.php(232): WC_Product_CSV_Importer->import()
#2 /usr/local/var/www/go/goliquidator/wp-includes/class-wp-hook.php(286): WC_Admin_Importers->do_ajax_product_import('')
#3 /usr/local/var/www/go/goliquidator/wp-includes/class-wp-hook.php(310): WP_Hook->apply_filters('', Array)
#4 /usr/local/var/www/go/goliquidator/wp-includes/plugin.php(465): WP_Hook->do_action(Array)
#5 /usr/local/var/www/go/goliquidator/wp-admin/admin-ajax.php(173): do_action('wp_ajax_woocomm...')
#6 {main}

Next Exception: Cannot use object of type stdClass as array i in /usr/local/var/www/go/goliquidator/wp-content/plugins/query-monitor/collectors/php_errors.php on line 86

2019-10-28T05:19:47+00:00 CRITICAL Uncaught Error: Cannot use object of type stdClass as array in /usr/local/var/www/go/goliquidator/wp-content/plugins/woocommerce/includes/import/class-wc-product-csv-importer.php:1120
Stack trace:
#0 /usr/local/var/www/go/goliquidator/wp-content/plugins/woocommerce/includes/import/class-wc-product-csv-importer.php(1091): WC_Product_CSV_Importer->setSubtitle(592, 'aaaaaaaa')
#1 /usr/local/var/www/go/goliquidator/wp-content/plugins/woocommerce/includes/admin/class-wc-admin-importers.php(232): WC_Product_CSV_Importer->import()
#2 /usr/local/var/www/go/goliquidator/wp-includes/class-wp-hook.php(286): WC_Admin_Importers->do_ajax_product_import('')
#3 /usr/local/var/www/go/goliquidator/wp-includes/class-wp-hook.php(310): WP_Hook->apply_filters('', Array)
#4 /usr/local/var/www/go/goliquidator/wp-includes/plugin.php(465): WP_Hook->do_action(Array)
#5 /usr/local/var/www/go/goliquidator/wp-admin/admin-ajax.php(173): do_action('wp_ajax_woocomm...')
#6 {main}

Next Exception: Cannot use object of type stdClass as array i in /usr/local/var/www/go/goliquidator/wp-content/plugins/query-monitor/collectors/php_errors.php on line 86

